# JRE version: Java(TM) SE Runtime Environment (8.0_51-b16) (build 1.8.0_51-b16)
# Java VM: Java HotSpot(TM) 64-Bit Server VM (25.51-b03 mixed mode windows-amd64 compressed oops)
Heap:
 PSYoungGen      total 2600448K, used 1547761K [0x000000071ab00000, 0x00000007bfc80000, 0x00000007c0000000)
  eden space 2499072K, 60% used [0x000000071ab00000,0x00000007772f5be0,0x00000007b3380000)
  from space 101376K, 31% used [0x00000007b9980000,0x00000007bb906ab0,0x00000007bfc80000)
  to   space 102912K, 0% used [0x00000007b3380000,0x00000007b3380000,0x00000007b9800000)
 ParOldGen       total 2518016K, used 2305166K [0x00000005d0000000, 0x0000000669b00000, 0x000000071ab00000)
  object space 2518016K, 91% used [0x00000005d0000000,0x000000065cb23a00,0x0000000669b00000)
 Metaspace       used 193632K, capacity 200985K, committed 201260K, reserved 1218560K
  class space    used 29133K, capacity 31231K, committed 31276K, reserved 1048576K
GC Heap History (10 events):
Event: 6779.469 GC heap before
{Heap before GC invocations=389 (full 13):
 PSYoungGen      total 2590208K, used 2525322K [0x000000071ab00000, 0x00000007bf780000, 0x00000007c0000000)
  eden space 2490880K, 100% used [0x000000071ab00000,0x00000007b2b80000,0x00000007b2b80000)
  from space 99328K, 34% used [0x00000007b2b80000,0x00000007b4d228b0,0x00000007b8c80000)
  to   space 101888K, 0% used [0x00000007b9400000,0x00000007b9400000,0x00000007bf780000)
 ParOldGen       total 2518016K, used 2297762K [0x00000005d0000000, 0x0000000669b00000, 0x000000071ab00000)
  object space 2518016K, 91% used [0x00000005d0000000,0x000000065c3e8b48,0x0000000669b00000)
 Metaspace       used 193462K, capacity 200803K, committed 201004K, reserved 1218560K
  class space    used 29116K, capacity 31220K, committed 31276K, reserved 1048576K
Event: 6779.483 GC heap after
Heap after GC invocations=389 (full 13):
 PSYoungGen      total 2595840K, used 31200K [0x000000071ab00000, 0x00000007bfb00000, 0x00000007c0000000)
  eden space 2493952K, 0% used [0x000000071ab00000,0x000000071ab00000,0x00000007b2e80000)
  from space 101888K, 30% used [0x00000007b9400000,0x00000007bb278060,0x00000007bf780000)
  to   space 103936K, 0% used [0x00000007b2e80000,0x00000007b2e80000,0x00000007b9400000)
 ParOldGen       total 2518016K, used 2300914K [0x00000005d0000000, 0x0000000669b00000, 0x000000071ab00000)
  object space 2518016K, 91% used [0x00000005d0000000,0x000000065c6fc998,0x0000000669b00000)
 Metaspace       used 193462K, capacity 200803K, committed 201004K, reserved 1218560K
  class space    used 29116K, capacity 31220K, committed 31276K, reserved 1048576K
}
Event: 6822.154 GC heap before
{Heap before GC invocations=390 (full 13):
 PSYoungGen      total 2595840K, used 2525152K [0x000000071ab00000, 0x00000007bfb00000, 0x00000007c0000000)
  eden space 2493952K, 100% used [0x000000071ab00000,0x00000007b2e80000,0x00000007b2e80000)
  from space 101888K, 30% used [0x00000007b9400000,0x00000007bb278060,0x00000007bf780000)
  to   space 103936K, 0% used [0x00000007b2e80000,0x00000007b2e80000,0x00000007b9400000)
 ParOldGen       total 2518016K, used 2300914K [0x00000005d0000000, 0x0000000669b00000, 0x000000071ab00000)
  object space 2518016K, 91% used [0x00000005d0000000,0x000000065c6fc998,0x0000000669b00000)
 Metaspace       used 193590K, capacity 200945K, committed 201004K, reserved 1218560K
  class space    used 29128K, capacity 31223K, committed 31276K, reserved 1048576K
Event: 6822.168 GC heap after
Heap after GC invocations=390 (full 13):
 PSYoungGen      total 2597888K, used 31554K [0x000000071ab00000, 0x00000007c0000000, 0x00000007c0000000)
  eden space 2493952K, 0% used [0x000000071ab00000,0x000000071ab00000,0x00000007b2e80000)
  from space 103936K, 30% used [0x00000007b2e80000,0x00000007b4d50a60,0x00000007b9400000)
  to   space 104960K, 0% used [0x00000007b9980000,0x00000007b9980000,0x00000007c0000000)
 ParOldGen       total 2518016K, used 2301090K [0x00000005d0000000, 0x0000000669b00000, 0x000000071ab00000)
  object space 2518016K, 91% used [0x00000005d0000000,0x000000065c728998,0x0000000669b00000)
 Metaspace       used 193590K, capacity 200945K, committed 201004K, reserved 1218560K
  class space    used 29128K, capacity 31223K, committed 31276K, reserved 1048576K
}
Event: 6869.764 GC heap before
{Heap before GC invocations=391 (full 13):
 PSYoungGen      total 2597888K, used 2525506K [0x000000071ab00000, 0x00000007c0000000, 0x00000007c0000000)
  eden space 2493952K, 100% used [0x000000071ab00000,0x00000007b2e80000,0x00000007b2e80000)
  from space 103936K, 30% used [0x00000007b2e80000,0x00000007b4d50a60,0x00000007b9400000)
  to   space 104960K, 0% used [0x00000007b9980000,0x00000007b9980000,0x00000007c0000000)
 ParOldGen       total 2518016K, used 2301090K [0x00000005d0000000, 0x0000000669b00000, 0x000000071ab00000)
  object space 2518016K, 91% used [0x00000005d0000000,0x000000065c728998,0x0000000669b00000)
 Metaspace       used 193607K, capacity 200961K, committed 201260K, reserved 1218560K
  class space    used 29129K, capacity 31225K, committed 31276K, reserved 1048576K
Event: 6869.776 GC heap after
Heap after GC invocations=391 (full 13):
 PSYoungGen      total 2602496K, used 29922K [0x000000071ab00000, 0x00000007bff80000, 0x00000007c0000000)
  eden space 2498048K, 0% used [0x000000071ab00000,0x000000071ab00000,0x00000007b3280000)
  from space 104448K, 28% used [0x00000007b9980000,0x00000007bb6b88c0,0x00000007bff80000)
  to   space 104960K, 0% used [0x00000007b3280000,0x00000007b3280000,0x00000007b9900000)
 ParOldGen       total 2518016K, used 2302594K [0x00000005d0000000, 0x0000000669b00000, 0x000000071ab00000)
  object space 2518016K, 91% used [0x00000005d0000000,0x000000065c8a0998,0x0000000669b00000)
 Metaspace       used 193607K, capacity 200961K, committed 201260K, reserved 1218560K
  class space    used 29129K, capacity 31225K, committed 31276K, reserved 1048576K
}
Event: 6909.213 GC heap before
{Heap before GC invocations=392 (full 13):
 PSYoungGen      total 2602496K, used 2527970K [0x000000071ab00000, 0x00000007bff80000, 0x00000007c0000000)
  eden space 2498048K, 100% used [0x000000071ab00000,0x00000007b3280000,0x00000007b3280000)
  from space 104448K, 28% used [0x00000007b9980000,0x00000007bb6b88c0,0x00000007bff80000)
  to   space 104960K, 0% used [0x00000007b3280000,0x00000007b3280000,0x00000007b9900000)
 ParOldGen       total 2518016K, used 2302594K [0x00000005d0000000, 0x0000000669b00000, 0x000000071ab00000)
  object space 2518016K, 91% used [0x00000005d0000000,0x000000065c8a0998,0x0000000669b00000)
 Metaspace       used 193610K, capacity 200965K, committed 201260K, reserved 1218560K
  class space    used 29129K, capacity 31225K, committed 31276K, reserved 1048576K
Event: 6909.226 GC heap after
Heap after GC invocations=392 (full 13):
 PSYoungGen      total 2603008K, used 30584K [0x000000071ab00000, 0x00000007bff80000, 0x00000007c0000000)
  eden space 2498048K, 0% used [0x000000071ab00000,0x000000071ab00000,0x00000007b3280000)
  from space 104960K, 29% used [0x00000007b3280000,0x00000007b505e2f0,0x00000007b9900000)
  to   space 104448K, 0% used [0x00000007b9980000,0x00000007b9980000,0x00000007bff80000)
 ParOldGen       total 2518016K, used 2305118K [0x00000005d0000000, 0x0000000669b00000, 0x000000071ab00000)
  object space 2518016K, 91% used [0x00000005d0000000,0x000000065cb17a00,0x0000000669b00000)
 Metaspace       used 193610K, capacity 200965K, committed 201260K, reserved 1218560K
  class space    used 29129K, capacity 31225K, committed 31276K, reserved 1048576K
}
Event: 6945.977 GC heap before
{Heap before GC invocations=393 (full 13):
 PSYoungGen      total 2603008K, used 2528632K [0x000000071ab00000, 0x00000007bff80000, 0x00000007c0000000)
  eden space 2498048K, 100% used [0x000000071ab00000,0x00000007b3280000,0x00000007b3280000)
  from space 104960K, 29% used [0x00000007b3280000,0x00000007b505e2f0,0x00000007b9900000)
  to   space 104448K, 0% used [0x00000007b9980000,0x00000007b9980000,0x00000007bff80000)
 ParOldGen       total 2518016K, used 2305118K [0x00000005d0000000, 0x0000000669b00000, 0x000000071ab00000)
  object space 2518016K, 91% used [0x00000005d0000000,0x000000065cb17a00,0x0000000669b00000)
 Metaspace       used 193620K, capacity 200971K, committed 201260K, reserved 1218560K
  class space    used 29130K, capacity 31226K, committed 31276K, reserved 1048576K
Event: 6945.990 GC heap after
Heap after GC invocations=393 (full 13):
 PSYoungGen      total 2600448K, used 32282K [0x000000071ab00000, 0x00000007bfc80000, 0x00000007c0000000)
  eden space 2499072K, 0% used [0x000000071ab00000,0x000000071ab00000,0x00000007b3380000)
  from space 101376K, 31% used [0x00000007b9980000,0x00000007bb906ab0,0x00000007bfc80000)
  to   space 102912K, 0% used [0x00000007b3380000,0x00000007b3380000,0x00000007b9800000)
 ParOldGen       total 2518016K, used 2305166K [0x00000005d0000000, 0x0000000669b00000, 0x000000071ab00000)
  object space 2518016K, 91% used [0x00000005d0000000,0x000000065cb23a00,0x0000000669b00000)
 Metaspace       used 193620K, capacity 200971K, committed 201260K, reserved 1218560K
  class space    used 29130K, capacity 31226K, committed 31276K, reserved 1048576K
}

